2025-04-06 13:33:34,849 - INFO - Model path: C:\Imrane_Programmation\PYTHON\PFE_APP\server\server\server\models\best.pt
2025-04-06 13:33:34,850 - ERROR - Model file not found at: C:\Imrane_Programmation\PYTHON\PFE_APP\server\server\server\models\best.pt
2025-04-06 13:33:34,851 - ERROR - Failed to initialize ClothingProcessorService: Model file not found at: C:\Imrane_Programmation\PYTHON\PFE_APP\server\server\server\models\best.pt
2025-04-06 13:33:34,852 - ERROR - Traceback (most recent call last):
  File "C:\Imrane_Programmation\PYTHON\PFE_APP\server\clothing_processor\views.py", line 18, in <module>
    clothing_processor = ClothingProcessorService()
  File "C:\Imrane_Programmation\PYTHON\PFE_APP\server\clothing_processor\services.py", line 27, in __init__
    raise FileNotFoundError(f"Model file not found at: {model_path}")
FileNotFoundError: Model file not found at: C:\Imrane_Programmation\PYTHON\PFE_APP\server\server\server\models\best.pt

2025-04-06 13:33:54,327 - INFO - Model path: C:\Imrane_Programmation\PYTHON\PFE_APP\server\server\models\best.pt
2025-04-06 13:33:54,329 - INFO - Output directory: C:\Imrane_Programmation\PYTHON\PFE_APP\server\media\processed_clothes
2025-04-06 13:33:54,329 - INFO - Initializing ClothingSegmenter
2025-04-06 13:33:54,330 - INFO - Output directory created/confirmed: C:\Imrane_Programmation\PYTHON\PFE_APP\server\media\processed_clothes
2025-04-06 13:33:54,330 - INFO - Loading YOLOS model for clothing detection
2025-04-06 13:33:55,448 - INFO - YOLOS model loaded successfully
2025-04-06 13:33:55,449 - INFO - Loading YOLOv8 segmentation model from C:\Imrane_Programmation\PYTHON\PFE_APP\server\server\models\best.pt
2025-04-06 13:33:56,101 - INFO - YOLOv8 segmentation model loaded successfully
2025-04-06 13:33:56,101 - INFO - Initialization completed in 1.77 seconds
2025-04-06 13:33:56,101 - INFO - ClothingSegmenter initialized successfully
2025-04-06 13:33:56,101 - INFO - ClothingProcessorService initialized successfully
2025-04-06 13:34:15,299 - ERROR - Clothing processor service is not available
2025-04-06 13:34:15,316 - ERROR - Service Unavailable: /clothing-processor/process/
2025-04-06 13:34:19,682 - ERROR - Clothing processor service is not available
2025-04-06 13:34:19,683 - ERROR - Service Unavailable: /clothing-processor/process/
2025-04-06 13:34:21,270 - ERROR - Clothing processor service is not available
2025-04-06 13:34:21,271 - ERROR - Service Unavailable: /clothing-processor/process/
2025-04-06 13:34:24,522 - ERROR - Clothing processor service is not available
2025-04-06 13:34:24,523 - ERROR - Service Unavailable: /clothing-processor/process/
2025-04-06 13:34:49,910 - INFO - C:\Imrane_Programmation\PYTHON\PFE_APP\server\clothing_processor\services.py changed, reloading.
2025-04-06 13:34:50,506 - INFO - C:\Imrane_Programmation\PYTHON\PFE_APP\server\clothing_processor\services.py changed, reloading.
2025-04-06 13:35:22,384 - INFO - Initializing ClothingProcessorService
2025-04-06 13:35:22,388 - INFO - Model path: C:\Imrane_Programmation\PYTHON\PFE_APP\server\server\models\best.pt
2025-04-06 13:35:22,388 - INFO - Model path: C:\Imrane_Programmation\PYTHON\PFE_APP\server\server\models\best.pt
2025-04-06 13:35:22,391 - INFO - Output directory: C:\Imrane_Programmation\PYTHON\PFE_APP\server\media\processed_clothes
2025-04-06 13:35:22,391 - INFO - Initializing ClothingSegmenter
2025-04-06 13:35:22,392 - INFO - Initializing ClothingSegmenter
2025-04-06 13:35:22,392 - INFO - Initializing ClothingSegmenter
2025-04-06 13:35:22,392 - INFO - Initializing ClothingSegmenter
2025-04-06 13:35:22,393 - INFO - Output directory created/confirmed: C:\Imrane_Programmation\PYTHON\PFE_APP\server\media\processed_clothes
2025-04-06 13:35:22,393 - INFO - Loading YOLOS model for clothing detection
e_Programmation\PYTHON\PFE_APP\server\media\processed_clothes
2025-04-06 13:35:22,393 - INFO - Loading YOLOS model for clothing detection
2025-04-06 13:35:23,507 - INFO - YOLOS model loaded successfully
2025-04-06 13:35:23,508 - INFO - Loading YOLOv8 segmentation model from C:\Imrane_Programmation\PYTHON\PFE_APP\server\server\models\best.pt
2025-04-06 13:35:24,102 - INFO - YOLOS model loaded successfully
2025-04-06 13:35:24,104 - INFO - Loading YOLOv8 segmentation model from C:\Imrane_Programmation\PYTHON\PFE_APP\server\server\models\best.pt
2025-04-06 13:35:24,246 - INFO - YOLOv8 segmentation model loaded successfully
2025-04-06 13:35:24,246 - INFO - Initialization completed in 1.85 seconds
2025-04-06 13:35:24,247 - INFO - ClothingSegmenter initialized successfully
2025-04-06 13:35:24,247 - INFO - ClothingProcessorService initialized successfully
2025-04-06 13:35:25,763 - INFO - YOLOv8 segmentation model loaded successfully
2025-04-06 13:35:25,770 - INFO - Initialization completed in 3.38 seconds
2025-04-06 13:35:25,771 - INFO - ClothingSegmenter initialized successfully
2025-04-06 13:35:25,771 - INFO - ClothingProcessorService initialized successfully
2025-04-06 13:36:24,392 - INFO - C:\Imrane_Programmation\PYTHON\PFE_APP\server\clothing_processor\services.py changed, reloading.
2025-04-06 13:36:24,839 - INFO - C:\Imrane_Programmation\PYTHON\PFE_APP\server\clothing_processor\services.py changed, reloading.
2025-04-06 13:36:57,804 - INFO - Initializing ClothingProcessorService
2025-04-06 13:36:57,807 - INFO - Model path: C:\Imrane_Programmation\PYTHON\PFE_APP\server\server\server\models\best.pt
2025-04-06 13:36:57,808 - ERROR - Model file not found at: C:\Imrane_Programmation\PYTHON\PFE_APP\server\server\server\models\best.pt
2025-04-06 13:36:57,808 - ERROR - Model file not found at: C:\Imrane_Programmation\PYTHON\PFE_APP\server\server\server\models\best.pt
2025-04-06 13:36:57,808 - ERROR - Failed to initialize ClothingProcessorService: Model file not found at: C:\Imrane_Programmation\PYTHON\PFE_APP\server\server\server\models\best.pt
2025-04-06 13:36:57,808 - ERROR - Failed to initialize ClothingProcessorService: Model file not found at: C:\Imrane_Programmation\PYTHON\PFE_APP\server\server\server\models\best.pt
2025-04-06 13:36:57,809 - ERROR - Traceback (most recent call last):
  File "C:\Imrane_Programmation\PYTHON\PFE_APP\server\clothing_processor\views.py", line 18, in <module>
    clothing_processor = ClothingProcessorService()
  File "C:\Imrane_Programmation\PYTHON\PFE_APP\server\clothing_processor\services.py", line 30, in __init__
    raise FileNotFoundError(f"Model file not found at: {model_path}")
FileNotFoundError: Model file not found at: C:\Imrane_Programmation\PYTHON\PFE_APP\server\server\server\models\best.pt

2025-04-06 13:36:57,809 - ERROR - Traceback (most recent call last):
  File "C:\Imrane_Programmation\PYTHON\PFE_APP\server\clothing_processor\views.py", line 18, in <module>
    clothing_processor = ClothingProcessorService()
  File "C:\Imrane_Programmation\PYTHON\PFE_APP\server\clothing_processor\services.py", line 30, in __init__
    raise FileNotFoundError(f"Model file not found at: {model_path}")
FileNotFoundError: Model file not found at: C:\Imrane_Programmation\PYTHON\PFE_APP\server\server\server\models\best.pt

2025-04-06 13:37:51,205 - ERROR - Clothing processor service is not available
2025-04-06 13:37:51,225 - ERROR - Service Unavailable: /clothing-processor/process/
2025-04-06 13:37:58,609 - ERROR - Clothing processor service is not available
2025-04-06 13:37:58,613 - ERROR - Service Unavailable: /clothing-processor/process/
2025-04-06 13:37:59,867 - ERROR - Clothing processor service is not available
2025-04-06 13:37:59,871 - ERROR - Service Unavailable: /clothing-processor/process/
2025-04-06 13:38:09,486 - ERROR - Clothing processor service is not available
2025-04-06 13:38:09,514 - ERROR - Service Unavailable: /clothing-processor/process/
2025-04-06 13:38:11,893 - ERROR - Clothing processor service is not available
2025-04-06 13:38:11,897 - ERROR - Service Unavailable: /clothing-processor/process/
2025-04-06 13:39:45,846 - INFO - Initializing ClothingProcessorService
2025-04-06 13:39:45,848 - INFO - Model path: C:\Imrane_Programmation\PYTHON\PFE_APP\server\server\server\models\best.pt
2025-04-06 13:39:45,849 - ERROR - Model file not found at: C:\Imrane_Programmation\PYTHON\PFE_APP\server\server\server\models\best.pt
2025-04-06 13:39:45,851 - ERROR - Failed to initialize ClothingProcessorService: Model file not found at: C:\Imrane_Programmation\PYTHON\PFE_APP\server\server\server\models\best.pt
2025-04-06 13:39:45,854 - ERROR - Traceback (most recent call last):
  File "C:\Imrane_Programmation\PYTHON\PFE_APP\server\clothing_processor\views.py", line 18, in <module>
    clothing_processor = ClothingProcessorService()
  File "C:\Imrane_Programmation\PYTHON\PFE_APP\server\clothing_processor\services.py", line 30, in __init__
    raise FileNotFoundError(f"Model file not found at: {model_path}")
FileNotFoundError: Model file not found at: C:\Imrane_Programmation\PYTHON\PFE_APP\server\server\server\models\best.pt

2025-04-06 13:39:46,048 - INFO - C:\Imrane_Programmation\PYTHON\PFE_APP\server\clothing_processor\views.py changed, reloading.
2025-04-06 13:39:46,298 - INFO - C:\Imrane_Programmation\PYTHON\PFE_APP\server\clothing_processor\views.py changed, reloading.
2025-04-06 13:40:22,804 - INFO - Starting clothing processor initialization
2025-04-06 13:40:22,809 - INFO - Initializing ClothingProcessorService
2025-04-06 13:40:22,810 - INFO - Initializing ClothingProcessorService
2025-04-06 13:40:22,812 - INFO - Model path: C:\Imrane_Programmation\PYTHON\PFE_APP\server\server\server\models\best.pt
2025-04-06 13:40:22,812 - INFO - Model path: C:\Imrane_Programmation\PYTHON\PFE_APP\server\server\server\models\best.pt
2025-04-06 13:40:22,813 - ERROR - Model file not found at: C:\Imrane_Programmation\PYTHON\PFE_APP\server\server\server\models\best.pt
2025-04-06 13:40:22,813 - ERROR - Failed to initialize ClothingProcessorService: Model file not found at: C:\Imrane_Programmation\PYTHON\PFE_APP\server\server\server\models\best.pt
2025-04-06 13:40:22,813 - ERROR - Model file not found at: C:\Imrane_Programmation\PYTHON\PFE_APP\server\server\server\models\best.pt
2025-04-06 13:40:22,813 - ERROR - Failed to initialize ClothingProcessorService: Model file not found at: C:\Imrane_Programmation\PYTHON\PFE_APP\server\server\server\models\best.pt
2025-04-06 13:40:22,813 - ERROR - Traceback (most recent call last):
  File "C:\Imrane_Programmation\PYTHON\PFE_APP\server\clothing_processor\views.py", line 19, in <module>
    clothing_processor = ClothingProcessorService()
  File "C:\Imrane_Programmation\PYTHON\PFE_APP\server\clothing_processor\services.py", line 30, in __init__
    raise FileNotFoundError(f"Model file not found at: {model_path}")
FileNotFoundError: Model file not found at: C:\Imrane_Programmation\PYTHON\PFE_APP\server\server\server\models\best.pt

2025-04-06 13:40:22,814 - ERROR - Traceback (most recent call last):
  File "C:\Imrane_Programmation\PYTHON\PFE_APP\server\clothing_processor\views.py", line 19, in <module>
    clothing_processor = ClothingProcessorService()
  File "C:\Imrane_Programmation\PYTHON\PFE_APP\server\clothing_processor\services.py", line 30, in __init__
    raise FileNotFoundError(f"Model file not found at: {model_path}")
FileNotFoundError: Model file not found at: C:\Imrane_Programmation\PYTHON\PFE_APP\server\server\server\models\best.pt

2025-04-06 13:46:41,108 - INFO - Starting clothing processor initialization
2025-04-06 13:46:41,108 - INFO - Initializing ClothingProcessorService
2025-04-06 13:46:41,108 - INFO - Model path: C:\Imrane_Programmation\PYTHON\PFE_APP\server\server\server\models\best.pt
2025-04-06 13:46:41,109 - ERROR - Model file not found at: C:\Imrane_Programmation\PYTHON\PFE_APP\server\server\server\models\best.pt
2025-04-06 13:46:41,109 - ERROR - Failed to initialize ClothingProcessorService: Model file not found at: C:\Imrane_Programmation\PYTHON\PFE_APP\server\server\server\models\best.pt
2025-04-06 13:46:41,109 - ERROR - Traceback (most recent call last):
  File "C:\Imrane_Programmation\PYTHON\PFE_APP\server\clothing_processor\views.py", line 19, in <module>
    clothing_processor = ClothingProcessorService()
  File "C:\Imrane_Programmation\PYTHON\PFE_APP\server\clothing_processor\services.py", line 30, in __init__
    raise FileNotFoundError(f"Model file not found at: {model_path}")
FileNotFoundError: Model file not found at: C:\Imrane_Programmation\PYTHON\PFE_APP\server\server\server\models\best.pt

2025-04-06 13:46:52,154 - INFO - C:\Imrane_Programmation\PYTHON\PFE_APP\server\clothing_processor\services.py changed, reloading.
2025-04-06 13:47:13,633 - INFO - Starting clothing processor initialization
2025-04-06 13:47:13,635 - INFO - Initializing ClothingProcessorService
2025-04-06 13:47:13,636 - INFO - Model path: C:\Imrane_Programmation\PYTHON\PFE_APP\server\server\models\best.pt
2025-04-06 13:47:13,637 - INFO - Output directory: C:\Imrane_Programmation\PYTHON\PFE_APP\server\media\processed_clothes
2025-04-06 13:47:13,638 - INFO - Initializing ClothingSegmenter
2025-04-06 13:47:13,638 - INFO - Initializing ClothingSegmenter
2025-04-06 13:47:13,640 - INFO - Output directory created/confirmed: C:\Imrane_Programmation\PYTHON\PFE_APP\server\media\processed_clothes
2025-04-06 13:47:13,641 - INFO - Loading YOLOS model for clothing detection
2025-04-06 13:47:14,657 - INFO - YOLOS model loaded successfully
2025-04-06 13:47:14,658 - INFO - Loading YOLOv8 segmentation model from C:\Imrane_Programmation\PYTHON\PFE_APP\server\server\models\best.pt
2025-04-06 13:47:15,405 - INFO - YOLOv8 segmentation model loaded successfully
2025-04-06 13:47:15,407 - INFO - Initialization completed in 1.77 seconds
2025-04-06 13:47:15,408 - INFO - ClothingSegmenter initialized successfully
2025-04-06 13:47:15,409 - INFO - Clothing processor initialized successfully
2025-04-06 13:47:28,218 - INFO - Starting clothing processor initialization
2025-04-06 13:47:28,221 - INFO - Initializing ClothingProcessorService
2025-04-06 13:47:28,225 - INFO - Model path: C:\Imrane_Programmation\PYTHON\PFE_APP\server\server\models\best.pt
2025-04-06 13:47:28,226 - INFO - Output directory: C:\Imrane_Programmation\PYTHON\PFE_APP\server\media\processed_clothes
2025-04-06 13:47:28,226 - INFO - Initializing ClothingSegmenter
2025-04-06 13:47:28,226 - INFO - Initializing ClothingSegmenter
2025-04-06 13:47:28,227 - INFO - Output directory created/confirmed: C:\Imrane_Programmation\PYTHON\PFE_APP\server\media\processed_clothes
2025-04-06 13:47:28,227 - INFO - Loading YOLOS model for clothing detection
2025-04-06 13:47:29,216 - INFO - YOLOS model loaded successfully
2025-04-06 13:47:29,217 - INFO - Loading YOLOv8 segmentation model from C:\Imrane_Programmation\PYTHON\PFE_APP\server\server\models\best.pt
2025-04-06 13:47:29,841 - INFO - YOLOv8 segmentation model loaded successfully
2025-04-06 13:47:29,841 - INFO - Initialization completed in 1.61 seconds
2025-04-06 13:47:29,842 - INFO - ClothingSegmenter initialized successfully
2025-04-06 13:47:29,842 - INFO - Clothing processor initialized successfully
2025-04-06 13:47:51,288 - INFO - Received clothing processing request
2025-04-06 13:47:51,300 - INFO - Processing image: 013571_0.jpg
2025-04-06 13:47:51,303 - INFO - Saving uploaded file to: C:\Imrane_Programmation\PYTHON\PFE_APP\server\media\temp\013571_0.jpg
2025-04-06 13:47:51,308 - INFO - Processing image with clothing processor
2025-04-06 13:47:51,311 - INFO - Processing image 00: 013571_0.jpg
2025-04-06 13:48:06,423 - INFO - YOLOS detected lower clothing: None
2025-04-06 13:48:06,427 - INFO - YOLOS detected upper clothing: sleeve
2025-04-06 13:48:11,981 - INFO - Saved segmentation as 00_0.jpg (class: upper_clothes)
2025-04-06 13:48:12,400 - INFO - Saved metadata file 00_0.json
2025-04-06 13:48:15,712 - INFO - Saved segmentation as 00_1.jpg (class: lower_clothes)
2025-04-06 13:48:15,917 - INFO - Saved metadata file 00_1.json
2025-04-06 13:48:15,918 - INFO - Completed processing 013571_0.jpg in 24.61 seconds
2025-04-06 13:48:15,951 - INFO - Successfully processed clothing item: {'original_image': 'C:\\Imrane_Programmation\\PYTHON\\PFE_APP\\server\\media\\temp\\013571_0.jpg', 'segmented_image': 'C:\\Imrane_Programmation\\PYTHON\\PFE_APP\\server\\media\\processed_clothes\\00_0.jpg', 'category': 'upper clothing', 'metadata': {'colors': ['#151417', '#010101', '#594e4b'], 'description': 'sleeve'}}
2025-04-06 13:48:15,953 - INFO - Removed temporary file: C:\Imrane_Programmation\PYTHON\PFE_APP\server\media\temp\013571_0.jpg
2025-04-06 13:48:15,954 - INFO - Returning processing results
2025-04-06 13:48:21,391 - INFO - Received clothing processing request
2025-04-06 13:48:21,395 - INFO - Processing image: 013571_0.jpg
2025-04-06 13:48:21,397 - INFO - Saving uploaded file to: C:\Imrane_Programmation\PYTHON\PFE_APP\server\media\temp\013571_0.jpg
2025-04-06 13:48:21,399 - INFO - Processing image with clothing processor
2025-04-06 13:48:21,400 - INFO - Processing image 00: 013571_0.jpg
2025-04-06 13:48:30,918 - INFO - YOLOS detected lower clothing: None
2025-04-06 13:48:30,918 - INFO - YOLOS detected upper clothing: sleeve
2025-04-06 13:48:35,698 - INFO - Saved segmentation as 00_0.jpg (class: upper_clothes)
2025-04-06 13:48:36,094 - INFO - Saved metadata file 00_0.json
2025-04-06 13:48:39,191 - INFO - Saved segmentation as 00_1.jpg (class: lower_clothes)
2025-04-06 13:48:39,352 - INFO - Saved metadata file 00_1.json
2025-04-06 13:48:39,354 - INFO - Completed processing 013571_0.jpg in 17.95 seconds
2025-04-06 13:48:39,388 - INFO - Successfully processed clothing item: {'original_image': 'C:\\Imrane_Programmation\\PYTHON\\PFE_APP\\server\\media\\temp\\013571_0.jpg', 'segmented_image': 'C:\\Imrane_Programmation\\PYTHON\\PFE_APP\\server\\media\\processed_clothes\\00_0.jpg', 'category': 'upper clothing', 'metadata': {'colors': ['#131315', '#2e2b2c', '#7c6863'], 'description': 'sleeve'}}
2025-04-06 13:48:39,389 - INFO - Removed temporary file: C:\Imrane_Programmation\PYTHON\PFE_APP\server\media\temp\013571_0.jpg
2025-04-06 13:48:39,391 - INFO - Returning processing results
2025-04-06 13:48:39,933 - WARNING - Bad Request: /wardrobe/clothing-items/
2025-04-06 13:49:34,391 - INFO - Received clothing processing request
2025-04-06 13:49:34,407 - INFO - Processing image: 013571_0.jpg
2025-04-06 13:49:34,413 - INFO - Saving uploaded file to: C:\Imrane_Programmation\PYTHON\PFE_APP\server\media\temp\013571_0.jpg
2025-04-06 13:49:34,416 - INFO - Processing image with clothing processor
2025-04-06 13:49:34,419 - INFO - Processing image 00: 013571_0.jpg
2025-04-06 13:49:45,487 - INFO - YOLOS detected lower clothing: None
2025-04-06 13:49:45,488 - INFO - YOLOS detected upper clothing: sleeve
2025-04-06 13:49:50,793 - INFO - Saved segmentation as 00_0.jpg (class: upper_clothes)
2025-04-06 13:49:51,211 - INFO - Saved metadata file 00_0.json
2025-04-06 13:49:54,373 - INFO - Saved segmentation as 00_1.jpg (class: lower_clothes)
2025-04-06 13:49:54,571 - INFO - Saved metadata file 00_1.json
2025-04-06 13:49:54,572 - INFO - Completed processing 013571_0.jpg in 20.15 seconds
2025-04-06 13:49:54,603 - INFO - Successfully processed clothing item: {'original_image': 'C:\\Imrane_Programmation\\PYTHON\\PFE_APP\\server\\media\\temp\\013571_0.jpg', 'segmented_image': 'C:\\Imrane_Programmation\\PYTHON\\PFE_APP\\server\\media\\processed_clothes\\00_0.jpg', 'category': 'upper clothing', 'metadata': {'colors': ['#151417', '#010101', '#594e4b'], 'description': 'sleeve'}}
2025-04-06 13:49:54,606 - INFO - Removed temporary file: C:\Imrane_Programmation\PYTHON\PFE_APP\server\media\temp\013571_0.jpg
2025-04-06 13:49:54,606 - INFO - Returning processing results
